<?xml version="1.0" encoding="UTF-8"?>
<!-- Generated by org.testng.reporters.JUnitXMLReporter -->
<testsuite ignored="0" hostname="Abhishek" failures="0" tests="3" name="Default test" time="1.496" errors="0" timestamp="2024-05-03T13:00:02 IST">
  <testcase classname="testScripts.PlaceOrderTest" name="validLogin" time="0.355"/>
  <testcase classname="testScripts.PlaceOrderTest" name="addItem" time="0.195"/>
  <testcase classname="testScripts.PlaceOrderTest" name="checkoutTest" time="0.388"/>
</testsuite> <!-- Default test -->
