<?xml version="1.0" encoding="UTF-8"?>
<testng-results ignored="0" total="3" passed="3" failed="0" skipped="0">
  <reporter-output>
  </reporter-output>
  <suite started-at="2024-05-03T13:00:00 IST" name="Default suite" finished-at="2024-05-03T13:00:02 IST" duration-ms="1496">
    <groups>
    </groups>
    <test started-at="2024-05-03T13:00:00 IST" name="Default test" finished-at="2024-05-03T13:00:02 IST" duration-ms="1496">
      <class name="testScripts.PlaceOrderTest">
        <test-method is-config="true" signature="setup()[pri:0, instance:testScripts.PlaceOrderTest@4efcf8a]" started-at="2024-05-03T13:00:00 IST" name="setup" finished-at="2024-05-03T13:00:01 IST" duration-ms="529" status="PASS">
          <reporter-output>
          </reporter-output>
        </test-method> <!-- setup -->
        <test-method signature="validLogin()[pri:1, instance:testScripts.PlaceOrderTest@4efcf8a]" started-at="2024-05-03T13:00:01 IST" name="validLogin" finished-at="2024-05-03T13:00:01 IST" duration-ms="355" status="PASS">
          <reporter-output>
          </reporter-output>
        </test-method> <!-- validLogin -->
        <test-method signature="addItem()[pri:2, instance:testScripts.PlaceOrderTest@4efcf8a]" started-at="2024-05-03T13:00:01 IST" name="addItem" finished-at="2024-05-03T13:00:01 IST" duration-ms="195" status="PASS">
          <reporter-output>
          </reporter-output>
        </test-method> <!-- addItem -->
        <test-method signature="checkoutTest()[pri:3, instance:testScripts.PlaceOrderTest@4efcf8a]" started-at="2024-05-03T13:00:01 IST" name="checkoutTest" finished-at="2024-05-03T13:00:02 IST" duration-ms="388" status="PASS">
          <reporter-output>
          </reporter-output>
        </test-method> <!-- checkoutTest -->
      </class> <!-- testScripts.PlaceOrderTest -->
    </test> <!-- Default test -->
  </suite> <!-- Default suite -->
</testng-results>
